2020-07-31 10:43:56.387 [35m[main][0;39m [34mINFO [0;39m [36mc.e.DemoApplication[0;39m - Starting DemoApplication on 2003NB7350 with PID 35856 (D:\Work\StudyBase\demo\target\classes started by admin in D:\Work\StudyBase\demo)
2020-07-31 10:43:56.396 [35m[main][0;39m [34mINFO [0;39m [36mc.e.DemoApplication[0;39m - The following profiles are active: dev
2020-07-31 10:46:04.716 [35m[main][0;39m [34mINFO [0;39m [36mc.e.DemoApplication[0;39m - Starting DemoApplication on 2003NB7350 with PID 31420 (D:\Work\StudyBase\demo\target\classes started by admin in D:\Work\StudyBase\demo)
2020-07-31 10:46:04.720 [35m[main][0;39m [34mINFO [0;39m [36mc.e.DemoApplication[0;39m - The following profiles are active: dev
2020-07-31 10:46:08.494 [35m[main][0;39m [34mINFO [0;39m [36mc.e.DemoApplication[0;39m - 接收到事件:org.springframework.boot.autoconfigure.jdbc.DataSourceSchemaCreatedEvent[source={
	CreateTime:"2020-07-31 10:46:06",
	ActiveCount:0,
	PoolingCount:1,
	CreateCount:1,
	DestroyCount:0,
	CloseCount:2,
	ConnectCount:2,
	Connections:[
		{ID:448843184, ConnectTime:"2020-07-31 10:46:07", UseCount:2, LastActiveTime:"2020-07-31 10:46:08"}
	]
}]
2020-07-31 10:46:08.904 [35m[main][0;39m [34mINFO [0;39m [36mc.e.DemoApplication[0;39m - 接收到事件:org.springframework.boot.context.event.ApplicationFailedEvent[source=org.springframework.boot.SpringApplication@20dd5870]
2020-07-31 10:47:25.402 [35m[main][0;39m [34mINFO [0;39m [36mc.e.DemoApplication[0;39m - Starting DemoApplication on 2003NB7350 with PID 17796 (D:\Work\StudyBase\demo\target\classes started by admin in D:\Work\StudyBase\demo)
2020-07-31 10:47:25.406 [35m[main][0;39m [34mINFO [0;39m [36mc.e.DemoApplication[0;39m - The following profiles are active: dev
2020-07-31 10:47:28.823 [35m[main][0;39m [34mINFO [0;39m [36mc.e.DemoApplication[0;39m - 接收到事件:org.springframework.boot.autoconfigure.jdbc.DataSourceSchemaCreatedEvent[source={
	CreateTime:"2020-07-31 10:47:27",
	ActiveCount:0,
	PoolingCount:1,
	CreateCount:1,
	DestroyCount:0,
	CloseCount:2,
	ConnectCount:2,
	Connections:[
		{ID:1580751727, ConnectTime:"2020-07-31 10:47:27", UseCount:2, LastActiveTime:"2020-07-31 10:47:28"}
	]
}]
2020-07-31 10:47:29.207 [35m[main][0;39m [34mINFO [0;39m [36mc.e.DemoApplication[0;39m - 接收到事件:org.springframework.boot.context.event.ApplicationFailedEvent[source=org.springframework.boot.SpringApplication@6249a08d]
2020-07-31 10:49:02.968 [35m[main][0;39m [34mINFO [0;39m [36mc.e.DemoApplication[0;39m - Starting DemoApplication on 2003NB7350 with PID 36628 (D:\Work\StudyBase\demo\target\classes started by admin in D:\Work\StudyBase\demo)
2020-07-31 10:49:02.971 [35m[main][0;39m [34mINFO [0;39m [36mc.e.DemoApplication[0;39m - The following profiles are active: dev
2020-07-31 10:49:06.305 [35m[main][0;39m [34mINFO [0;39m [36mc.e.DemoApplication[0;39m - 接收到事件:org.springframework.boot.autoconfigure.jdbc.DataSourceSchemaCreatedEvent[source={
	CreateTime:"2020-07-31 10:49:04",
	ActiveCount:0,
	PoolingCount:1,
	CreateCount:1,
	DestroyCount:0,
	CloseCount:2,
	ConnectCount:2,
	Connections:[
		{ID:195359600, ConnectTime:"2020-07-31 10:49:05", UseCount:2, LastActiveTime:"2020-07-31 10:49:06"}
	]
}]
2020-07-31 10:49:06.695 [35m[main][0;39m [34mINFO [0;39m [36mc.e.DemoApplication[0;39m - 接收到事件:org.springframework.boot.context.event.ApplicationFailedEvent[source=org.springframework.boot.SpringApplication@20dd5870]
2020-07-31 10:51:00.304 [35m[main][0;39m [34mINFO [0;39m [36mc.e.DemoApplication[0;39m - Starting DemoApplication on 2003NB7350 with PID 23428 (D:\Work\StudyBase\demo\target\classes started by admin in D:\Work\StudyBase\demo)
2020-07-31 10:51:00.309 [35m[main][0;39m [34mINFO [0;39m [36mc.e.DemoApplication[0;39m - The following profiles are active: dev
2020-07-31 10:51:03.989 [35m[main][0;39m [34mINFO [0;39m [36mc.e.DemoApplication[0;39m - 接收到事件:org.springframework.boot.autoconfigure.jdbc.DataSourceSchemaCreatedEvent[source={
	CreateTime:"2020-07-31 10:51:02",
	ActiveCount:0,
	PoolingCount:1,
	CreateCount:1,
	DestroyCount:0,
	CloseCount:2,
	ConnectCount:2,
	Connections:[
		{ID:934352027, ConnectTime:"2020-07-31 10:51:03", UseCount:2, LastActiveTime:"2020-07-31 10:51:03"}
	]
}]
2020-07-31 10:51:04.380 [35m[main][0;39m [34mINFO [0;39m [36mc.e.DemoApplication[0;39m - 接收到事件:org.springframework.boot.context.event.ApplicationFailedEvent[source=org.springframework.boot.SpringApplication@2e349cf2]
2020-07-31 10:57:45.467 [35m[main][0;39m [34mINFO [0;39m [36mc.e.DemoApplication[0;39m - Starting DemoApplication on 2003NB7350 with PID 29600 (D:\Work\StudyBase\demo\target\classes started by admin in D:\Work\StudyBase\demo)
2020-07-31 10:57:45.471 [35m[main][0;39m [34mINFO [0;39m [36mc.e.DemoApplication[0;39m - The following profiles are active: dev
2020-07-31 11:00:03.075 [35m[main][0;39m [34mINFO [0;39m [36mc.e.DemoApplication[0;39m - Starting DemoApplication on 2003NB7350 with PID 37740 (D:\Work\StudyBase\demo\target\classes started by admin in D:\Work\StudyBase\demo)
2020-07-31 11:00:03.077 [35m[main][0;39m [34mINFO [0;39m [36mc.e.DemoApplication[0;39m - The following profiles are active: dev
2020-07-31 11:00:06.511 [35m[main][0;39m [34mINFO [0;39m [36mc.e.DemoApplication[0;39m - 接收到事件:org.springframework.boot.autoconfigure.jdbc.DataSourceSchemaCreatedEvent[source={
	CreateTime:"2020-07-31 11:00:04",
	ActiveCount:0,
	PoolingCount:1,
	CreateCount:1,
	DestroyCount:0,
	CloseCount:2,
	ConnectCount:2,
	Connections:[
		{ID:820781338, ConnectTime:"2020-07-31 11:00:05", UseCount:2, LastActiveTime:"2020-07-31 11:00:06"}
	]
}]
2020-07-31 11:00:06.900 [35m[main][0;39m [34mINFO [0;39m [36mc.e.DemoApplication[0;39m - 接收到事件:org.springframework.boot.context.event.ApplicationFailedEvent[source=org.springframework.boot.SpringApplication@6aa6c17]
2020-07-31 11:01:58.031 [35m[main][0;39m [34mINFO [0;39m [36mc.e.DemoApplication[0;39m - Starting DemoApplication on 2003NB7350 with PID 36900 (D:\Work\StudyBase\demo\target\classes started by admin in D:\Work\StudyBase\demo)
2020-07-31 11:01:58.036 [35m[main][0;39m [34mINFO [0;39m [36mc.e.DemoApplication[0;39m - The following profiles are active: dev
2020-07-31 11:02:01.669 [35m[main][0;39m [34mINFO [0;39m [36mc.e.DemoApplication[0;39m - 接收到事件:org.springframework.boot.autoconfigure.jdbc.DataSourceSchemaCreatedEvent[source={
	CreateTime:"2020-07-31 11:02:00",
	ActiveCount:0,
	PoolingCount:1,
	CreateCount:1,
	DestroyCount:0,
	CloseCount:2,
	ConnectCount:2,
	Connections:[
		{ID:1296953588, ConnectTime:"2020-07-31 11:02:00", UseCount:2, LastActiveTime:"2020-07-31 11:02:01"}
	]
}]
2020-07-31 11:02:02.099 [35m[main][0;39m [34mINFO [0;39m [36mc.e.DemoApplication[0;39m - 接收到事件:org.springframework.boot.context.event.ApplicationFailedEvent[source=org.springframework.boot.SpringApplication@7657d90b]
2020-07-31 11:03:07.347 [35m[main][0;39m [34mINFO [0;39m [36mc.e.DemoApplication[0;39m - Starting DemoApplication on 2003NB7350 with PID 37404 (D:\Work\StudyBase\demo\target\classes started by admin in D:\Work\StudyBase\demo)
2020-07-31 11:03:07.352 [35m[main][0;39m [34mINFO [0;39m [36mc.e.DemoApplication[0;39m - The following profiles are active: dev
2020-07-31 11:03:10.949 [35m[main][0;39m [34mINFO [0;39m [36mc.e.DemoApplication[0;39m - 接收到事件:org.springframework.boot.autoconfigure.jdbc.DataSourceSchemaCreatedEvent[source={
	CreateTime:"2020-07-31 11:03:09",
	ActiveCount:0,
	PoolingCount:1,
	CreateCount:1,
	DestroyCount:0,
	CloseCount:2,
	ConnectCount:2,
	Connections:[
		{ID:820781338, ConnectTime:"2020-07-31 11:03:10", UseCount:2, LastActiveTime:"2020-07-31 11:03:10"}
	]
}]
2020-07-31 11:03:11.341 [35m[main][0;39m [34mINFO [0;39m [36mc.e.DemoApplication[0;39m - 接收到事件:org.springframework.boot.context.event.ApplicationFailedEvent[source=org.springframework.boot.SpringApplication@6aa6c17]
2020-07-31 11:10:30.392 [35m[main][0;39m [34mINFO [0;39m [36mc.e.DemoApplication[0;39m - Starting DemoApplication on 2003NB7350 with PID 26840 (D:\Work\StudyBase\demo\target\classes started by admin in D:\Work\StudyBase\demo)
2020-07-31 11:10:30.397 [35m[main][0;39m [34mINFO [0;39m [36mc.e.DemoApplication[0;39m - The following profiles are active: dev
2020-07-31 11:10:33.979 [35m[main][0;39m [34mINFO [0;39m [36mc.e.DemoApplication[0;39m - 接收到事件:org.springframework.boot.autoconfigure.jdbc.DataSourceSchemaCreatedEvent[source={
	CreateTime:"2020-07-31 11:10:32",
	ActiveCount:0,
	PoolingCount:1,
	CreateCount:1,
	DestroyCount:0,
	CloseCount:2,
	ConnectCount:2,
	Connections:[
		{ID:1655750533, ConnectTime:"2020-07-31 11:10:33", UseCount:2, LastActiveTime:"2020-07-31 11:10:33"}
	]
}]
2020-07-31 11:10:35.100 [35m[main][0;39m [34mINFO [0;39m [36mc.e.DemoApplication[0;39m - 接收到事件:org.springframework.boot.web.servlet.context.ServletWebServerInitializedEvent[source=org.springframework.boot.web.embedded.tomcat.TomcatWebServer@61eab26b]
2020-07-31 11:10:35.107 [35m[main][0;39m [34mINFO [0;39m [36mc.e.DemoApplication[0;39m - 接收到事件:org.springframework.context.event.ContextRefreshedEvent[source=org.springframework.boot.web.servlet.context.AnnotationConfigServletWebServerApplicationContext@6f63b475, started on Fri Jul 31 11:10:30 CST 2020]
2020-07-31 11:10:35.111 [35m[main][0;39m [34mINFO [0;39m [36mc.e.DemoApplication[0;39m - Started DemoApplication in 7.226 seconds (JVM running for 9.288)
2020-07-31 11:10:35.112 [35m[main][0;39m [34mINFO [0;39m [36mc.e.DemoApplication[0;39m - 接收到事件:org.springframework.boot.context.event.ApplicationStartedEvent[source=org.springframework.boot.SpringApplication@7827d7b]
2020-07-31 11:10:35.112 [35m[main][0;39m [34mINFO [0;39m [36mc.e.DemoApplication[0;39m - 接收到事件:org.springframework.boot.availability.AvailabilityChangeEvent[source=org.springframework.boot.web.servlet.context.AnnotationConfigServletWebServerApplicationContext@6f63b475, started on Fri Jul 31 11:10:30 CST 2020]
2020-07-31 11:10:35.114 [35m[main][0;39m [34mINFO [0;39m [36mc.e.DemoApplication[0;39m - 接收到事件:org.springframework.boot.context.event.ApplicationReadyEvent[source=org.springframework.boot.SpringApplication@7827d7b]
2020-07-31 11:10:35.114 [35m[main][0;39m [34mINFO [0;39m [36mc.e.DemoApplication[0;39m - 应用初始化成功，应用可以接受请求:org.springframework.boot.context.event.ApplicationReadyEvent[source=org.springframework.boot.SpringApplication@7827d7b]
2020-07-31 11:10:35.114 [35m[main][0;39m [34mINFO [0;39m [36mc.e.DemoApplication[0;39m - 接收到事件:org.springframework.boot.availability.AvailabilityChangeEvent[source=org.springframework.boot.web.servlet.context.AnnotationConfigServletWebServerApplicationContext@6f63b475, started on Fri Jul 31 11:10:30 CST 2020]
2020-07-31 11:10:35.115 [35m[main][0;39m [34mINFO [0;39m [36mc.e.DemoApplication[0;39m - 
--------------------------------------------------------
Application'demo-dev' is Running ! Access URLs :
Local : http://127.0.0.1:19989
External:http://192.168.1.123:19989
--------------------------------------------------------

